# JRE version: Java(TM) SE Runtime Environment (8.0_111-b14) (build 1.8.0_111-b14)
# Java VM: Java HotSpot(TM) 64-Bit Server VM (25.111-b14 mixed mode windows-amd64 compressed oops)
Heap:
 PSYoungGen      total 16384K, used 3891K [0x00000000f0000000, 0x00000000f1500000, 0x0000000100000000)
  eden space 12288K, 12% used [0x00000000f0000000,0x00000000f018a7a0,0x00000000f0c00000)
  from space 4096K, 56% used [0x00000000f1100000,0x00000000f1342618,0x00000000f1500000)
  to   space 4608K, 0% used [0x00000000f0c00000,0x00000000f0c00000,0x00000000f1080000)
 ParOldGen       total 32768K, used 5136K [0x00000000d0000000, 0x00000000d2000000, 0x00000000f0000000)
  object space 32768K, 15% used [0x00000000d0000000,0x00000000d0504190,0x00000000d2000000)
 Metaspace       used 19055K, capacity 19358K, committed 19456K, reserved 1067008K
  class space    used 2395K, capacity 2493K, committed 2560K, reserved 1048576K
GC Heap History (10 events):
Event: 18.982 GC heap before
{Heap before GC invocations=2 (full 0):
 PSYoungGen      total 14336K, used 14336K [0x00000000f0000000, 0x00000000f1000000, 0x0000000100000000)
  eden space 12288K, 100% used [0x00000000f0000000,0x00000000f0c00000,0x00000000f0c00000)
  from space 2048K, 100% used [0x00000000f0c00000,0x00000000f0e00000,0x00000000f0e00000)
  to   space 2048K, 0% used [0x00000000f0e00000,0x00000000f0e00000,0x00000000f1000000)
 ParOldGen       total 32768K, used 1112K [0x00000000d0000000, 0x00000000d2000000, 0x00000000f0000000)
  object space 32768K, 3% used [0x00000000d0000000,0x00000000d0116060,0x00000000d2000000)
 Metaspace       used 18181K, capacity 18402K, committed 18688K, reserved 1064960K
  class space    used 2349K, capacity 2434K, committed 2560K, reserved 1048576K
Event: 18.993 GC heap after
Heap after GC invocations=2 (full 0):
 PSYoungGen      total 14336K, used 2024K [0x00000000f0000000, 0x00000000f1000000, 0x0000000100000000)
  eden space 12288K, 0% used [0x00000000f0000000,0x00000000f0000000,0x00000000f0c00000)
  from space 2048K, 98% used [0x00000000f0e00000,0x00000000f0ffa380,0x00000000f1000000)
  to   space 2048K, 0% used [0x00000000f0c00000,0x00000000f0c00000,0x00000000f0e00000)
 ParOldGen       total 32768K, used 2733K [0x00000000d0000000, 0x00000000d2000000, 0x00000000f0000000)
  object space 32768K, 8% used [0x00000000d0000000,0x00000000d02ab610,0x00000000d2000000)
 Metaspace       used 18181K, capacity 18402K, committed 18688K, reserved 1064960K
  class space    used 2349K, capacity 2434K, committed 2560K, reserved 1048576K
}
Event: 31.207 GC heap before
{Heap before GC invocations=3 (full 0):
 PSYoungGen      total 14336K, used 14312K [0x00000000f0000000, 0x00000000f1000000, 0x0000000100000000)
  eden space 12288K, 100% used [0x00000000f0000000,0x00000000f0c00000,0x00000000f0c00000)
  from space 2048K, 98% used [0x00000000f0e00000,0x00000000f0ffa380,0x00000000f1000000)
  to   space 2048K, 0% used [0x00000000f0c00000,0x00000000f0c00000,0x00000000f0e00000)
 ParOldGen       total 32768K, used 2733K [0x00000000d0000000, 0x00000000d2000000, 0x00000000f0000000)
  object space 32768K, 8% used [0x00000000d0000000,0x00000000d02ab610,0x00000000d2000000)
 Metaspace       used 18697K, capacity 19102K, committed 19200K, reserved 1067008K
  class space    used 2389K, capacity 2493K, committed 2560K, reserved 1048576K
Event: 31.228 GC heap after
Heap after GC invocations=3 (full 0):
 PSYoungGen      total 14336K, used 2043K [0x00000000f0000000, 0x00000000f1000000, 0x0000000100000000)
  eden space 12288K, 0% used [0x00000000f0000000,0x00000000f0000000,0x00000000f0c00000)
  from space 2048K, 99% used [0x00000000f0c00000,0x00000000f0dfec68,0x00000000f0e00000)
  to   space 2048K, 0% used [0x00000000f0e00000,0x00000000f0e00000,0x00000000f1000000)
 ParOldGen       total 32768K, used 4824K [0x00000000d0000000, 0x00000000d2000000, 0x00000000f0000000)
  object space 32768K, 14% used [0x00000000d0000000,0x00000000d04b6190,0x00000000d2000000)
 Metaspace       used 18697K, capacity 19102K, committed 19200K, reserved 1067008K
  class space    used 2389K, capacity 2493K, committed 2560K, reserved 1048576K
}
Event: 50.457 GC heap before
{Heap before GC invocations=4 (full 0):
 PSYoungGen      total 14336K, used 14331K [0x00000000f0000000, 0x00000000f1000000, 0x0000000100000000)
  eden space 12288K, 100% used [0x00000000f0000000,0x00000000f0c00000,0x00000000f0c00000)
  from space 2048K, 99% used [0x00000000f0c00000,0x00000000f0dfec68,0x00000000f0e00000)
  to   space 2048K, 0% used [0x00000000f0e00000,0x00000000f0e00000,0x00000000f1000000)
 ParOldGen       total 32768K, used 4824K [0x00000000d0000000, 0x00000000d2000000, 0x00000000f0000000)
  object space 32768K, 14% used [0x00000000d0000000,0x00000000d04b6190,0x00000000d2000000)
 Metaspace       used 18884K, capacity 19230K, committed 19456K, reserved 1067008K
  class space    used 2394K, capacity 2493K, committed 2560K, reserved 1048576K
Event: 50.478 GC heap after
Heap after GC invocations=4 (full 0):
 PSYoungGen      total 14336K, used 2043K [0x00000000f0000000, 0x00000000f1000000, 0x0000000100000000)
  eden space 12288K, 0% used [0x00000000f0000000,0x00000000f0000000,0x00000000f0c00000)
  from space 2048K, 99% used [0x00000000f0e00000,0x00000000f0ffec68,0x00000000f1000000)
  to   space 2048K, 0% used [0x00000000f0c00000,0x00000000f0c00000,0x00000000f0e00000)
 ParOldGen       total 32768K, used 5008K [0x00000000d0000000, 0x00000000d2000000, 0x00000000f0000000)
  object space 32768K, 15% used [0x00000000d0000000,0x00000000d04e4190,0x00000000d2000000)
 Metaspace       used 18884K, capacity 19230K, committed 19456K, reserved 1067008K
  class space    used 2394K, capacity 2493K, committed 2560K, reserved 1048576K
}
Event: 66.709 GC heap before
{Heap before GC invocations=5 (full 0):
 PSYoungGen      total 14336K, used 14331K [0x00000000f0000000, 0x00000000f1000000, 0x0000000100000000)
  eden space 12288K, 100% used [0x00000000f0000000,0x00000000f0c00000,0x00000000f0c00000)
  from space 2048K, 99% used [0x00000000f0e00000,0x00000000f0ffec68,0x00000000f1000000)
  to   space 2048K, 0% used [0x00000000f0c00000,0x00000000f0c00000,0x00000000f0e00000)
 ParOldGen       total 32768K, used 5008K [0x00000000d0000000, 0x00000000d2000000, 0x00000000f0000000)
  object space 32768K, 15% used [0x00000000d0000000,0x00000000d04e4190,0x00000000d2000000)
 Metaspace       used 19017K, capacity 19358K, committed 19456K, reserved 1067008K
  class space    used 2394K, capacity 2493K, committed 2560K, reserved 1048576K
Event: 66.718 GC heap after
Heap after GC invocations=5 (full 0):
 PSYoungGen      total 14336K, used 2043K [0x00000000f0000000, 0x00000000f1600000, 0x0000000100000000)
  eden space 12288K, 0% used [0x00000000f0000000,0x00000000f0000000,0x00000000f0c00000)
  from space 2048K, 99% used [0x00000000f0c00000,0x00000000f0dfec88,0x00000000f0e00000)
  to   space 5120K, 0% used [0x00000000f1100000,0x00000000f1100000,0x00000000f1600000)
 ParOldGen       total 32768K, used 5136K [0x00000000d0000000, 0x00000000d2000000, 0x00000000f0000000)
  object space 32768K, 15% used [0x00000000d0000000,0x00000000d0504190,0x00000000d2000000)
 Metaspace       used 19017K, capacity 19358K, committed 19456K, reserved 1067008K
  class space    used 2394K, capacity 2493K, committed 2560K, reserved 1048576K
}
Event: 83.210 GC heap before
{Heap before GC invocations=6 (full 0):
 PSYoungGen      total 14336K, used 14331K [0x00000000f0000000, 0x00000000f1600000, 0x0000000100000000)
  eden space 12288K, 100% used [0x00000000f0000000,0x00000000f0c00000,0x00000000f0c00000)
  from space 2048K, 99% used [0x00000000f0c00000,0x00000000f0dfec88,0x00000000f0e00000)
  to   space 5120K, 0% used [0x00000000f1100000,0x00000000f1100000,0x00000000f1600000)
 ParOldGen       total 32768K, used 5136K [0x00000000d0000000, 0x00000000d2000000, 0x00000000f0000000)
  object space 32768K, 15% used [0x00000000d0000000,0x00000000d0504190,0x00000000d2000000)
 Metaspace       used 19044K, capacity 19358K, committed 19456K, reserved 1067008K
  class space    used 2395K, capacity 2493K, committed 2560K, reserved 1048576K
Event: 83.221 GC heap after
Heap after GC invocations=6 (full 0):
 PSYoungGen      total 16384K, used 2313K [0x00000000f0000000, 0x00000000f1500000, 0x0000000100000000)
  eden space 12288K, 0% used [0x00000000f0000000,0x00000000f0000000,0x00000000f0c00000)
  from space 4096K, 56% used [0x00000000f1100000,0x00000000f1342618,0x00000000f1500000)
  to   space 4608K, 0% used [0x00000000f0c00000,0x00000000f0c00000,0x00000000f1080000)
 ParOldGen       total 32768K, used 5136K [0x00000000d0000000, 0x00000000d2000000, 0x00000000f0000000)
  object space 32768K, 15% used [0x00000000d0000000,0x00000000d0504190,0x00000000d2000000)
 Metaspace       used 19044K, capacity 19358K, committed 19456K, reserved 1067008K
  class space    used 2395K, capacity 2493K, committed 2560K, reserved 1048576K
}

