# JRE version: Java(TM) SE Runtime Environment (8.0_111-b14) (build 1.8.0_111-b14)
# Java VM: Java HotSpot(TM) 64-Bit Server VM (25.111-b14 mixed mode windows-amd64 compressed oops)
Heap:
 PSYoungGen      total 14336K, used 7386K [0x00000000f0000000, 0x00000000f1000000, 0x0000000100000000)
  eden space 12288K, 43% used [0x00000000f0000000,0x00000000f053e9f0,0x00000000f0c00000)
  from space 2048K, 98% used [0x00000000f0c00000,0x00000000f0df8040,0x00000000f0e00000)
  to   space 2048K, 0% used [0x00000000f0e00000,0x00000000f0e00000,0x00000000f1000000)
 ParOldGen       total 32768K, used 12632K [0x00000000d0000000, 0x00000000d2000000, 0x00000000f0000000)
  object space 32768K, 38% used [0x00000000d0000000,0x00000000d0c563b0,0x00000000d2000000)
 Metaspace       used 16770K, capacity 17054K, committed 17408K, reserved 1064960K
  class space    used 2164K, capacity 2268K, committed 2304K, reserved 1048576K
GC Heap History (6 events):
Event: 2.682 GC heap before
{Heap before GC invocations=1 (full 0):
 PSYoungGen      total 14336K, used 12288K [0x00000000f0000000, 0x00000000f1000000, 0x0000000100000000)
  eden space 12288K, 100% used [0x00000000f0000000,0x00000000f0c00000,0x00000000f0c00000)
  from space 2048K, 0% used [0x00000000f0e00000,0x00000000f0e00000,0x00000000f1000000)
  to   space 2048K, 0% used [0x00000000f0c00000,0x00000000f0c00000,0x00000000f0e00000)
 ParOldGen       total 32768K, used 0K [0x00000000d0000000, 0x00000000d2000000, 0x00000000f0000000)
  object space 32768K, 0% used [0x00000000d0000000,0x00000000d0000000,0x00000000d2000000)
 Metaspace       used 14680K, capacity 14940K, committed 15360K, reserved 1062912K
  class space    used 1887K, capacity 1975K, committed 2048K, reserved 1048576K
Event: 2.692 GC heap after
Heap after GC invocations=1 (full 0):
 PSYoungGen      total 14336K, used 2048K [0x00000000f0000000, 0x00000000f1000000, 0x0000000100000000)
  eden space 12288K, 0% used [0x00000000f0000000,0x00000000f0000000,0x00000000f0c00000)
  from space 2048K, 100% used [0x00000000f0c00000,0x00000000f0e00000,0x00000000f0e00000)
  to   space 2048K, 0% used [0x00000000f0e00000,0x00000000f0e00000,0x00000000f1000000)
 ParOldGen       total 32768K, used 1081K [0x00000000d0000000, 0x00000000d2000000, 0x00000000f0000000)
  object space 32768K, 3% used [0x00000000d0000000,0x00000000d010e650,0x00000000d2000000)
 Metaspace       used 14680K, capacity 14940K, committed 15360K, reserved 1062912K
  class space    used 1887K, capacity 1975K, committed 2048K, reserved 1048576K
}
Event: 15.701 GC heap before
{Heap before GC invocations=2 (full 0):
 PSYoungGen      total 14336K, used 14336K [0x00000000f0000000, 0x00000000f1000000, 0x0000000100000000)
  eden space 12288K, 100% used [0x00000000f0000000,0x00000000f0c00000,0x00000000f0c00000)
  from space 2048K, 100% used [0x00000000f0c00000,0x00000000f0e00000,0x00000000f0e00000)
  to   space 2048K, 0% used [0x00000000f0e00000,0x00000000f0e00000,0x00000000f1000000)
 ParOldGen       total 32768K, used 10674K [0x00000000d0000000, 0x00000000d2000000, 0x00000000f0000000)
  object space 32768K, 32% used [0x00000000d0000000,0x00000000d0a6c860,0x00000000d2000000)
 Metaspace       used 15829K, capacity 16082K, committed 16256K, reserved 1062912K
  class space    used 2053K, capacity 2138K, committed 2176K, reserved 1048576K
Event: 15.711 GC heap after
Heap after GC invocations=2 (full 0):
 PSYoungGen      total 14336K, used 2045K [0x00000000f0000000, 0x00000000f1000000, 0x0000000100000000)
  eden space 12288K, 0% used [0x00000000f0000000,0x00000000f0000000,0x00000000f0c00000)
  from space 2048K, 99% used [0x00000000f0e00000,0x00000000f0fff4e8,0x00000000f1000000)
  to   space 2048K, 0% used [0x00000000f0c00000,0x00000000f0c00000,0x00000000f0e00000)
 ParOldGen       total 32768K, used 11425K [0x00000000d0000000, 0x00000000d2000000, 0x00000000f0000000)
  object space 32768K, 34% used [0x00000000d0000000,0x00000000d0b28748,0x00000000d2000000)
 Metaspace       used 15829K, capacity 16082K, committed 16256K, reserved 1062912K
  class space    used 2053K, capacity 2138K, committed 2176K, reserved 1048576K
}
Event: 16.792 GC heap before
{Heap before GC invocations=3 (full 0):
 PSYoungGen      total 14336K, used 14333K [0x00000000f0000000, 0x00000000f1000000, 0x0000000100000000)
  eden space 12288K, 100% used [0x00000000f0000000,0x00000000f0c00000,0x00000000f0c00000)
  from space 2048K, 99% used [0x00000000f0e00000,0x00000000f0fff4e8,0x00000000f1000000)
  to   space 2048K, 0% used [0x00000000f0c00000,0x00000000f0c00000,0x00000000f0e00000)
 ParOldGen       total 32768K, used 11425K [0x00000000d0000000, 0x00000000d2000000, 0x00000000f0000000)
  object space 32768K, 34% used [0x00000000d0000000,0x00000000d0b28748,0x00000000d2000000)
 Metaspace       used 16635K, capacity 16888K, committed 17152K, reserved 1064960K
  class space    used 2151K, capacity 2235K, committed 2304K, reserved 1048576K
Event: 16.808 GC heap after
Heap after GC invocations=3 (full 0):
 PSYoungGen      total 14336K, used 2016K [0x00000000f0000000, 0x00000000f1000000, 0x0000000100000000)
  eden space 12288K, 0% used [0x00000000f0000000,0x00000000f0000000,0x00000000f0c00000)
  from space 2048K, 98% used [0x00000000f0c00000,0x00000000f0df8040,0x00000000f0e00000)
  to   space 2048K, 0% used [0x00000000f0e00000,0x00000000f0e00000,0x00000000f1000000)
 ParOldGen       total 32768K, used 12632K [0x00000000d0000000, 0x00000000d2000000, 0x00000000f0000000)
  object space 32768K, 38% used [0x00000000d0000000,0x00000000d0c563b0,0x00000000d2000000)
 Metaspace       used 16635K, capacity 16888K, committed 17152K, reserved 1064960K
  class space    used 2151K, capacity 2235K, committed 2304K, reserved 1048576K
}

