# JRE version: Java(TM) SE Runtime Environment (8.0_111-b14) (build 1.8.0_111-b14)
# Java VM: Java HotSpot(TM) 64-Bit Server VM (25.111-b14 mixed mode windows-amd64 compressed oops)
Heap:
 PSYoungGen      total 14336K, used 6276K [0x00000000f0000000, 0x00000000f1000000, 0x0000000100000000)
  eden space 12288K, 34% used [0x00000000f0000000,0x00000000f04253a0,0x00000000f0c00000)
  from space 2048K, 99% used [0x00000000f0c00000,0x00000000f0dfc030,0x00000000f0e00000)
  to   space 2048K, 0% used [0x00000000f0e00000,0x00000000f0e00000,0x00000000f1000000)
 ParOldGen       total 32768K, used 12628K [0x00000000d0000000, 0x00000000d2000000, 0x00000000f0000000)
  object space 32768K, 38% used [0x00000000d0000000,0x00000000d0c55350,0x00000000d2000000)
 Metaspace       used 16690K, capacity 16926K, committed 17152K, reserved 1064960K
  class space    used 2164K, capacity 2268K, committed 2304K, reserved 1048576K
GC Heap History (6 events):
Event: 3.908 GC heap before
{Heap before GC invocations=1 (full 0):
 PSYoungGen      total 14336K, used 12288K [0x00000000f0000000, 0x00000000f1000000, 0x0000000100000000)
  eden space 12288K, 100% used [0x00000000f0000000,0x00000000f0c00000,0x00000000f0c00000)
  from space 2048K, 0% used [0x00000000f0e00000,0x00000000f0e00000,0x00000000f1000000)
  to   space 2048K, 0% used [0x00000000f0c00000,0x00000000f0c00000,0x00000000f0e00000)
 ParOldGen       total 32768K, used 0K [0x00000000d0000000, 0x00000000d2000000, 0x00000000f0000000)
  object space 32768K, 0% used [0x00000000d0000000,0x00000000d0000000,0x00000000d2000000)
 Metaspace       used 14747K, capacity 14940K, committed 15360K, reserved 1062912K
  class space    used 1899K, capacity 1975K, committed 2048K, reserved 1048576K
Event: 3.921 GC heap after
Heap after GC invocations=1 (full 0):
 PSYoungGen      total 14336K, used 2032K [0x00000000f0000000, 0x00000000f1000000, 0x0000000100000000)
  eden space 12288K, 0% used [0x00000000f0000000,0x00000000f0000000,0x00000000f0c00000)
  from space 2048K, 99% used [0x00000000f0c00000,0x00000000f0dfc010,0x00000000f0e00000)
  to   space 2048K, 0% used [0x00000000f0e00000,0x00000000f0e00000,0x00000000f1000000)
 ParOldGen       total 32768K, used 1173K [0x00000000d0000000, 0x00000000d2000000, 0x00000000f0000000)
  object space 32768K, 3% used [0x00000000d0000000,0x00000000d0125528,0x00000000d2000000)
 Metaspace       used 14747K, capacity 14940K, committed 15360K, reserved 1062912K
  class space    used 1899K, capacity 1975K, committed 2048K, reserved 1048576K
}
Event: 6.800 GC heap before
{Heap before GC invocations=2 (full 0):
 PSYoungGen      total 14336K, used 14320K [0x00000000f0000000, 0x00000000f1000000, 0x0000000100000000)
  eden space 12288K, 100% used [0x00000000f0000000,0x00000000f0c00000,0x00000000f0c00000)
  from space 2048K, 99% used [0x00000000f0c00000,0x00000000f0dfc010,0x00000000f0e00000)
  to   space 2048K, 0% used [0x00000000f0e00000,0x00000000f0e00000,0x00000000f1000000)
 ParOldGen       total 32768K, used 10765K [0x00000000d0000000, 0x00000000d2000000, 0x00000000f0000000)
  object space 32768K, 32% used [0x00000000d0000000,0x00000000d0a83738,0x00000000d2000000)
 Metaspace       used 15680K, capacity 15954K, committed 16256K, reserved 1062912K
  class space    used 2053K, capacity 2138K, committed 2176K, reserved 1048576K
Event: 6.813 GC heap after
Heap after GC invocations=2 (full 0):
 PSYoungGen      total 14336K, used 2017K [0x00000000f0000000, 0x00000000f1000000, 0x0000000100000000)
  eden space 12288K, 0% used [0x00000000f0000000,0x00000000f0000000,0x00000000f0c00000)
  from space 2048K, 98% used [0x00000000f0e00000,0x00000000f0ff8450,0x00000000f1000000)
  to   space 2048K, 0% used [0x00000000f0c00000,0x00000000f0c00000,0x00000000f0e00000)
 ParOldGen       total 32768K, used 11377K [0x00000000d0000000, 0x00000000d2000000, 0x00000000f0000000)
  object space 32768K, 34% used [0x00000000d0000000,0x00000000d0b1c748,0x00000000d2000000)
 Metaspace       used 15680K, capacity 15954K, committed 16256K, reserved 1062912K
  class space    used 2053K, capacity 2138K, committed 2176K, reserved 1048576K
}
Event: 10.403 GC heap before
{Heap before GC invocations=3 (full 0):
 PSYoungGen      total 14336K, used 14305K [0x00000000f0000000, 0x00000000f1000000, 0x0000000100000000)
  eden space 12288K, 100% used [0x00000000f0000000,0x00000000f0c00000,0x00000000f0c00000)
  from space 2048K, 98% used [0x00000000f0e00000,0x00000000f0ff8450,0x00000000f1000000)
  to   space 2048K, 0% used [0x00000000f0c00000,0x00000000f0c00000,0x00000000f0e00000)
 ParOldGen       total 32768K, used 11377K [0x00000000d0000000, 0x00000000d2000000, 0x00000000f0000000)
  object space 32768K, 34% used [0x00000000d0000000,0x00000000d0b1c748,0x00000000d2000000)
 Metaspace       used 16553K, capacity 16824K, committed 17152K, reserved 1064960K
  class space    used 2151K, capacity 2235K, committed 2304K, reserved 1048576K
Event: 10.418 GC heap after
Heap after GC invocations=3 (full 0):
 PSYoungGen      total 14336K, used 2032K [0x00000000f0000000, 0x00000000f1000000, 0x0000000100000000)
  eden space 12288K, 0% used [0x00000000f0000000,0x00000000f0000000,0x00000000f0c00000)
  from space 2048K, 99% used [0x00000000f0c00000,0x00000000f0dfc030,0x00000000f0e00000)
  to   space 2048K, 0% used [0x00000000f0e00000,0x00000000f0e00000,0x00000000f1000000)
 ParOldGen       total 32768K, used 12628K [0x00000000d0000000, 0x00000000d2000000, 0x00000000f0000000)
  object space 32768K, 38% used [0x00000000d0000000,0x00000000d0c55350,0x00000000d2000000)
 Metaspace       used 16553K, capacity 16824K, committed 17152K, reserved 1064960K
  class space    used 2151K, capacity 2235K, committed 2304K, reserved 1048576K
}

